Arguments: 
  /usr/local/bin/node /usr/local/bin/yarn start

PATH: 
  /usr/local/bin:/usr/bin:/bin:/usr/sbin:/sbin:/Applications/Genymotion.app/Contents/MacOS/tools/

Yarn version: 
  1.7.0

Node version: 
  9.5.0

Platform: 
  darwin x64

Trace: 
  SyntaxError: /Users/rasbrits/Desktop/code/image-caching/package.json: Unexpected token } in JSON at position 386
      at JSON.parse (<anonymous>)
      at /usr/local/lib/node_modules/yarn/lib/cli.js:1130:59
      at Generator.next (<anonymous>)
      at step (/usr/local/lib/node_modules/yarn/lib/cli.js:98:30)
      at /usr/local/lib/node_modules/yarn/lib/cli.js:109:13
      at <anonymous>

npm manifest: 
  {
    "name": "empty-project-template",
    "main": "src/index.js",
    "scripts": {
      "start": "expo start --ios --localhost",
      "android": "expo start --android --localhost",
      "ios": "expo start --ios",
      "eject": "expo eject",
      "lint": "standard --fix src/**/*.js"
    },
    "dependancies":{
      "react-native": "https://github.com/expo/react-native/archive/sdk-30.0.0.tar.gz",
    },
    "devDependencies": {
      "babel-eslint": "^10.0.1",
      "expo": "^30.0.1",
      "react": "16.3.1",
      "standard": "^12.0.1"
    },
    "standard": {
      "parser": "babel-eslint",
      "env": {
        "browser": true
      }
    }
  }

yarn manifest: 
  No manifest

Lockfile: 
  No lockfile
